<!DOCTYPE html PUBLIC "-//W3C//DTD XHTML 1.1//EN" "http://www.w3.org/TR/xhtml11/DTD/xhtml11.dtd">
<html xmlns="http://www.w3.org/1999/xhtml">
<head>
<meta charset='utf-8'>
<title>TestNG Report</title>
<style type="text/css">
table {margin-bottom:10px;border-collapse:collapse;empty-cells:show}
td,th {border:1px solid #009;padding:.25em .5em}
.result th {vertical-align:bottom}
.param th {padding-left:1em;padding-right:1em}
.param td {padding-left:.5em;padding-right:2em}
.stripe td,.stripe th {background-color: #E6EBF9}
.numi,.numi_attn {text-align:right}
.total td {font-weight:bold}
.passedodd td {background-color: #0A0}
.passedeven td {background-color: #3F3}
.skippedodd td {background-color: #CCC}
.skippedodd td {background-color: #DDD}
.failedodd td,.numi_attn {background-color: #F33}
.failedeven td,.stripe .numi_attn {background-color: #D00}
.stacktrace {white-space:pre;font-family:monospace}
.totop {font-size:85%;text-align:center;border-bottom:2px solid #000}
</style>
</head>
<body>
<table cellspacing="0" cellpadding="0" class="testOverview">
<tr><th>Test</th><th>Methods<br/>Passed</th><th>Scenarios<br/>Passed</th><th># skipped</th><th># failed</th><th>Total<br/>Time</th><th>Included<br/>Groups</th><th>Excluded<br/>Groups</th></tr>
<tr><td style="text-align:left;padding-right:2em"><a href="#t1">HybridAutomation</a></td><td class="numi">5</td><td class="numi">1</td><td class="numi">0</td><td class="numi_attn">5</td><td class="numi">29.3 seconds</td><td class="numi"></td><td class="numi"></td></tr>
</table>
<table cellspacing="0" cellpadding="0" class="methodOverview" id="summary">
<tr><th>Class</th><th>Method</th><th># of<br/>Scenarios</th><th>Start</th><th>Time<br/>(ms)</th></tr>
<tr id="t1"><th colspan="5">HybridAutomation &#8212; failed</th></tr>
<tr class="failedodd"><td rowspan="5">TestRunner.HybridRunner</td><td><a href="#m1"><b>runScenario</b> (cucumber) ("Runs Cucumber Scenarios")</a></td><td class="numi">4</td><td>1679054048019</td><td class="numi">333</td></tr><tr class="failedodd"><td><a href="#m2"><b>runScenario</b> (cucumber) ("Runs Cucumber Scenarios")</a></td><td class="numi">4</td><td>1679054048019</td><td class="numi">333</td></tr><tr class="failedodd"><td><a href="#m3"><b>runScenario</b> (cucumber) ("Runs Cucumber Scenarios")</a></td><td class="numi">4</td><td>1679054048019</td><td class="numi">333</td></tr><tr class="failedodd"><td><a href="#m4"><b>runScenario</b> (cucumber) ("Runs Cucumber Scenarios")</a></td><td class="numi">4</td><td>1679054048019</td><td class="numi">333</td></tr><tr class="failedodd"><td><a href="#m5"><b>runScenario</b> (cucumber) ("Runs Cucumber Scenarios")</a></td><td class="numi">4</td><td>1679054048019</td><td class="numi">333</td></tr>
<tr><th colspan="5">HybridAutomation &#8212; passed</th></tr>
<tr class="passedodd"><td rowspan="5">TestRunner.HybridRunner</td><td><a href="#m6"><b>runScenario</b> (cucumber) ("Runs Cucumber Scenarios")</a></td><td class="numi">1</td><td>1679054019844</td><td class="numi">28172</td></tr><tr class="passedodd"><td><a href="#m7"><b>runScenario</b> (cucumber) ("Runs Cucumber Scenarios")</a></td><td class="numi">1</td><td>1679054019844</td><td class="numi">28172</td></tr><tr class="passedodd"><td><a href="#m8"><b>runScenario</b> (cucumber) ("Runs Cucumber Scenarios")</a></td><td class="numi">1</td><td>1679054019844</td><td class="numi">28172</td></tr><tr class="passedodd"><td><a href="#m9"><b>runScenario</b> (cucumber) ("Runs Cucumber Scenarios")</a></td><td class="numi">1</td><td>1679054019844</td><td class="numi">28172</td></tr><tr class="passedodd"><td><a href="#m10"><b>runScenario</b> (cucumber) ("Runs Cucumber Scenarios")</a></td><td class="numi">1</td><td>1679054019844</td><td class="numi">28172</td></tr>
</table>
<h1>HybridAutomation</h1>
<h2 id="m1">TestRunner.HybridRunner:runScenario</h2>
<table cellspacing="0" cellpadding="0" class="result">
<tr class="param"><th>Parameter #1</th><th>Parameter #2</th></tr>
<tr class="param stripe"><td>&quot;api check for pages&quot;</td>
<td>&quot;Optional[API]&quot;</td>
</tr>
<tr><td colspan="2">
<div class="stacktrace">io.cucumber.testng.UndefinedStepException: The step &apos;user has the base url&apos; and 2 other step(s) are undefined.
You can implement these steps using the snippet(s) below:

@Given(&quot;user has the base url&quot;)
public void user_has_the_base_url() {
    // Write code here that turns the phrase above into concrete actions
    throw new io.cucumber.java.PendingException();
}
@When(&quot;user call the {string} and {string}&quot;)
public void user_call_the_and(String string, String string2) {
    // Write code here that turns the phrase above into concrete actions
    throw new io.cucumber.java.PendingException();
}
@Then(&quot;it will return valid data&quot;)
public void it_will_return_valid_data() {
    // Write code here that turns the phrase above into concrete actions
    throw new io.cucumber.java.PendingException();
}

	at io.cucumber.core.runtime.TestCaseResultObserver.assertTestCasePassed(TestCaseResultObserver.java:69)
	at io.cucumber.testng.TestCaseResultObserver.assertTestCasePassed(TestCaseResultObserver.java:23)
	at io.cucumber.testng.TestNGCucumberRunner.lambda$runScenario$0(TestNGCucumberRunner.java:118)
	at io.cucumber.core.runtime.CucumberExecutionContext.runTestCase(CucumberExecutionContext.java:117)
	at io.cucumber.testng.TestNGCucumberRunner.runScenario(TestNGCucumberRunner.java:114)
	at io.cucumber.testng.AbstractTestNGCucumberTests.runScenario(AbstractTestNGCucumberTests.java:31)
	at com.intellij.rt.testng.IDEARemoteTestNG.run(IDEARemoteTestNG.java:66)
	at com.intellij.rt.testng.RemoteTestNGStarter.main(RemoteTestNGStarter.java:109)
... Removed 22 stack frames</div>
</td></tr>
</table>
<p class="totop"><a href="#summary">back to summary</a></p>
<h2 id="m2">TestRunner.HybridRunner:runScenario</h2>
<table cellspacing="0" cellpadding="0" class="result">
<tr class="param"><th>Parameter #1</th><th>Parameter #2</th></tr>
<tr class="param stripe"><td>&quot;user login&quot;</td>
<td>&quot;Optional[AppTest]&quot;</td>
</tr>
<tr><td colspan="2">
<div class="stacktrace">io.cucumber.testng.UndefinedStepException: The step &apos;app apk is there&apos; and 2 other step(s) are undefined.
You can implement these steps using the snippet(s) below:

@Given(&quot;app apk is there&quot;)
public void app_apk_is_there() {
    // Write code here that turns the phrase above into concrete actions
    throw new io.cucumber.java.PendingException();
}
@When(&quot;user enters &apos;company&apos;and {string}&quot;)
public void user_enters_company_and(String string) {
    // Write code here that turns the phrase above into concrete actions
    throw new io.cucumber.java.PendingException();
}
@Then(&quot;user will navigate to home screen&quot;)
public void user_will_navigate_to_home_screen() {
    // Write code here that turns the phrase above into concrete actions
    throw new io.cucumber.java.PendingException();
}

	at io.cucumber.core.runtime.TestCaseResultObserver.assertTestCasePassed(TestCaseResultObserver.java:69)
	at io.cucumber.testng.TestCaseResultObserver.assertTestCasePassed(TestCaseResultObserver.java:23)
	at io.cucumber.testng.TestNGCucumberRunner.lambda$runScenario$0(TestNGCucumberRunner.java:118)
	at io.cucumber.core.runtime.CucumberExecutionContext.runTestCase(CucumberExecutionContext.java:117)
	at io.cucumber.testng.TestNGCucumberRunner.runScenario(TestNGCucumberRunner.java:114)
	at io.cucumber.testng.AbstractTestNGCucumberTests.runScenario(AbstractTestNGCucumberTests.java:31)
	at com.intellij.rt.testng.IDEARemoteTestNG.run(IDEARemoteTestNG.java:66)
	at com.intellij.rt.testng.RemoteTestNGStarter.main(RemoteTestNGStarter.java:109)
... Removed 22 stack frames</div>
</td></tr>
</table>
<p class="totop"><a href="#summary">back to summary</a></p>
<h2 id="m3">TestRunner.HybridRunner:runScenario</h2>
<table cellspacing="0" cellpadding="0" class="result">
<tr class="param"><th>Parameter #1</th><th>Parameter #2</th></tr>
<tr class="param stripe"><td>&quot;check user registration successfully&quot;</td>
<td>&quot;Optional[User Registration]&quot;</td>
</tr>
<tr><td colspan="2">
<div class="stacktrace">io.cucumber.testng.UndefinedStepException: The step &apos;user got the api &apos;users&apos;&apos; and 3 other step(s) are undefined.
You can implement these steps using the snippet(s) below:

@Given(&quot;user got the api {string}&quot;)
public void user_got_the_api(String string) {
    // Write code here that turns the phrase above into concrete actions
    throw new io.cucumber.java.PendingException();
}
@When(&quot;user hit {string} and {string}&quot;)
public void user_hit_and(String string, String string2) {
    // Write code here that turns the phrase above into concrete actions
    throw new io.cucumber.java.PendingException();
}
@When(&quot;call the api with body&quot;)
public void call_the_api_with_body() {
    // Write code here that turns the phrase above into concrete actions
    throw new io.cucumber.java.PendingException();
}
@Then(&quot;it will return valid response&quot;)
public void it_will_return_valid_response() {
    // Write code here that turns the phrase above into concrete actions
    throw new io.cucumber.java.PendingException();
}

	at io.cucumber.core.runtime.TestCaseResultObserver.assertTestCasePassed(TestCaseResultObserver.java:69)
	at io.cucumber.testng.TestCaseResultObserver.assertTestCasePassed(TestCaseResultObserver.java:23)
	at io.cucumber.testng.TestNGCucumberRunner.lambda$runScenario$0(TestNGCucumberRunner.java:118)
	at io.cucumber.core.runtime.CucumberExecutionContext.runTestCase(CucumberExecutionContext.java:117)
	at io.cucumber.testng.TestNGCucumberRunner.runScenario(TestNGCucumberRunner.java:114)
	at io.cucumber.testng.AbstractTestNGCucumberTests.runScenario(AbstractTestNGCucumberTests.java:31)
	at com.intellij.rt.testng.IDEARemoteTestNG.run(IDEARemoteTestNG.java:66)
	at com.intellij.rt.testng.RemoteTestNGStarter.main(RemoteTestNGStarter.java:109)
... Removed 22 stack frames</div>
</td></tr>
</table>
<p class="totop"><a href="#summary">back to summary</a></p>
<h2 id="m4">TestRunner.HybridRunner:runScenario</h2>
<table cellspacing="0" cellpadding="0" class="result">
<tr class="param"><th>Parameter #1</th><th>Parameter #2</th></tr>
<tr class="param stripe"><td>&quot;User make payment&quot;</td>
<td>&quot;Optional[AppAutomation]&quot;</td>
</tr>
<tr><td colspan="2">
<div class="stacktrace">io.cucumber.testng.UndefinedStepException: The step &apos;Click Make Payment Button&apos; and 4 other step(s) are undefined.
You can implement these steps using the snippet(s) below:

@Given(&quot;Click Make Payment Button&quot;)
public void click_make_payment_button() {
    // Write code here that turns the phrase above into concrete actions
    throw new io.cucumber.java.PendingException();
}
@When(&quot;User input {string} and {string} and {string}&quot;)
public void user_input_and_and(String string, String string2, String string3) {
    // Write code here that turns the phrase above into concrete actions
    throw new io.cucumber.java.PendingException();
}
@When(&quot;click select button&quot;)
public void click_select_button() {
    // Write code here that turns the phrase above into concrete actions
    throw new io.cucumber.java.PendingException();
}
@When(&quot;click Send payment button&quot;)
public void click_send_payment_button() {
    // Write code here that turns the phrase above into concrete actions
    throw new io.cucumber.java.PendingException();
}
@Then(&quot;Go to next page&quot;)
public void go_to_next_page() {
    // Write code here that turns the phrase above into concrete actions
    throw new io.cucumber.java.PendingException();
}

	at io.cucumber.core.runtime.TestCaseResultObserver.assertTestCasePassed(TestCaseResultObserver.java:69)
	at io.cucumber.testng.TestCaseResultObserver.assertTestCasePassed(TestCaseResultObserver.java:23)
	at io.cucumber.testng.TestNGCucumberRunner.lambda$runScenario$0(TestNGCucumberRunner.java:118)
	at io.cucumber.core.runtime.CucumberExecutionContext.runTestCase(CucumberExecutionContext.java:117)
	at io.cucumber.testng.TestNGCucumberRunner.runScenario(TestNGCucumberRunner.java:114)
	at io.cucumber.testng.AbstractTestNGCucumberTests.runScenario(AbstractTestNGCucumberTests.java:31)
	at com.intellij.rt.testng.IDEARemoteTestNG.run(IDEARemoteTestNG.java:66)
	at com.intellij.rt.testng.RemoteTestNGStarter.main(RemoteTestNGStarter.java:109)
... Removed 22 stack frames</div>
</td></tr>
</table>
<p class="totop"><a href="#summary">back to summary</a></p>
<h2 id="m5">TestRunner.HybridRunner:runScenario</h2>
<table cellspacing="0" cellpadding="0" class="result">
<tr class="param"><th>Parameter #1</th><th>Parameter #2</th></tr>
<tr class="param stripe"><td>&quot;Add new customer into the system&quot;</td>
<td>&quot;Optional[AddCustomer]&quot;</td>
</tr>
</table>
<p class="totop"><a href="#summary">back to summary</a></p>
</body></html>
