<?xml version="1.0" encoding="UTF-8"?>
<!-- Generated by org.testng.reporters.JUnitReportReporter -->
<testsuite skipped="0" hostname="Riyadhs-ThinkPad" name="TestRunner.HybridRunner" tests="5" failures="0" timestamp="2023-03-04T18:12:28 BDT" time="72.610" errors="2">
  <testcase name="runScenario" time="2.092" classname="TestRunner.HybridRunner"/>
  <system-out/>
  <testcase name="runScenario" time="0.754" classname="TestRunner.HybridRunner"/>
  <system-out/>
  <testcase name="runScenario" time="35.220" classname="TestRunner.HybridRunner"/>
  <system-out/>
  <testcase name="runScenario" time="25.602" classname="TestRunner.HybridRunner">
    <error type="java.lang.NoSuchMethodError" message="org.openqa.selenium.support.ui.WebDriverWait.&lt;init&gt;(Lorg/openqa/selenium/WebDriver;J)V">
      <![CDATA[java.lang.NoSuchMethodError: org.openqa.selenium.support.ui.WebDriverWait.<init>(Lorg/openqa/selenium/WebDriver;J)V
at POM.EriBankWebElement.makePaymentFields(EriBankWebElement.java:61)
at StepDefinition.EriBankMakePaymentStepDefs.userInputPhoneAndNameAndCountry(EriBankMakePaymentStepDefs.java:24)
at ✽.User input '01611' and 'Riyadh' and '50'(file:///D:/Automation%20Practice/Day1/AutomationFramework/HybridFramework/src/test/resources/Feature/05.EriMakePayment.feature:6)
]]>
    </error>
  </testcase> <!-- runScenario -->
  <system-out/>
  <testcase name="runScenario" time="8.942" classname="TestRunner.HybridRunner">
    <error type="java.lang.NoSuchMethodError" message="org.openqa.selenium.support.ui.WebDriverWait.&lt;init&gt;(Lorg/openqa/selenium/WebDriver;J)V">
      <![CDATA[java.lang.NoSuchMethodError: org.openqa.selenium.support.ui.WebDriverWait.<init>(Lorg/openqa/selenium/WebDriver;J)V
at Core.BrowserClass.alertt(BrowserClass.java:77)
at WebStepDefs.AddStepDefs.clickOk(AddStepDefs.java:39)
at ✽.click ok(file:///D:/Automation%20Practice/Day1/AutomationFramework/HybridFramework/src/test/resources/Feature/01.addcustomer.feature:8)
]]>
    </error>
  </testcase> <!-- runScenario -->
  <system-out/>
</testsuite> <!-- TestRunner.HybridRunner -->
