<?xml version="1.0" encoding="UTF-8"?>
<!-- Generated by org.testng.reporters.JUnitXMLReporter -->
<testsuite hostname="Riyadhs-ThinkPad" ignored="0" name="HybridAutomation" tests="5" failures="2" timestamp="2023-03-04T18:12:28 BDT" time="73.297" errors="0">
  <testcase name="runScenario" time="8.942" classname="io.cucumber.testng.AbstractTestNGCucumberTests">
    <failure type="java.lang.NoSuchMethodError" message="org.openqa.selenium.support.ui.WebDriverWait.&amp;lt;init&amp;gt;(Lorg/openqa/selenium/WebDriver;J)V">
      <![CDATA[java.lang.NoSuchMethodError: org.openqa.selenium.support.ui.WebDriverWait.<init>(Lorg/openqa/selenium/WebDriver;J)V
at Core.BrowserClass.alertt(BrowserClass.java:77)
at WebStepDefs.AddStepDefs.clickOk(AddStepDefs.java:39)
at ✽.click ok(file:///D:/Automation%20Practice/Day1/AutomationFramework/HybridFramework/src/test/resources/Feature/01.addcustomer.feature:8)
]]>
    </failure>
  </testcase> <!-- runScenario -->
  <testcase name="runScenario" time="2.092" classname="io.cucumber.testng.AbstractTestNGCucumberTests"/>
  <testcase name="runScenario" time="0.754" classname="io.cucumber.testng.AbstractTestNGCucumberTests"/>
  <testcase name="runScenario" time="35.22" classname="io.cucumber.testng.AbstractTestNGCucumberTests"/>
  <testcase name="runScenario" time="25.602" classname="io.cucumber.testng.AbstractTestNGCucumberTests">
    <failure type="java.lang.NoSuchMethodError" message="org.openqa.selenium.support.ui.WebDriverWait.&amp;lt;init&amp;gt;(Lorg/openqa/selenium/WebDriver;J)V">
      <![CDATA[java.lang.NoSuchMethodError: org.openqa.selenium.support.ui.WebDriverWait.<init>(Lorg/openqa/selenium/WebDriver;J)V
at POM.EriBankWebElement.makePaymentFields(EriBankWebElement.java:61)
at StepDefinition.EriBankMakePaymentStepDefs.userInputPhoneAndNameAndCountry(EriBankMakePaymentStepDefs.java:24)
at ✽.User input '01611' and 'Riyadh' and '50'(file:///D:/Automation%20Practice/Day1/AutomationFramework/HybridFramework/src/test/resources/Feature/05.EriMakePayment.feature:6)
]]>
    </failure>
  </testcase> <!-- runScenario -->
</testsuite> <!-- HybridAutomation -->
